wandb: W&B API key is configured. Use `wandb login --relogin` to force relogin
wandb: setting up run j6jeo4dk
wandb: Tracking run with wandb version 0.22.1
wandb: Run data is saved locally in /home/adarsh/PEVSLAM/wandb/run-20251111_125046-j6jeo4dk
wandb: Run `wandb offline` to turn off syncing.
wandb: Syncing run mvsec_tumvie_v2
wandb: ⭐️ View project at https://wandb.ai/jha5-srm-institute-of-science-and-technology/event-vo-cvpr
wandb: 🚀 View run at https://wandb.ai/jha5-srm-institute-of-science-and-technology/event-vo-cvpr/runs/j6jeo4dk
Creating dataset...
Traceback (most recent call last):
  File "/home/adarsh/PEVSLAM/src/train.py", line 389, in <module>
    main()
  File "/home/adarsh/PEVSLAM/src/train.py", line 199, in main
    full_dataset = EventVODataset(
                   ^^^^^^^^^^^^^^^
  File "/home/adarsh/PEVSLAM/src/dataset.py", line 102, in __init__
    with open(intrinsics_config, 'r') as f:
         ^^^^^^^^^^^^^^^^^^^^^^^^^^^^
FileNotFoundError: [Errno 2] No such file or directory: '/workspace/PEVSLAM/configs/config.yaml'
[1;34mwandb[0m: 
[1;34mwandb[0m: 🚀 View run [33mmvsec_tumvie_v2[0m at: [34m[0m
[1;34mwandb[0m: Find logs at: [1;35mwandb/run-20251111_125046-j6jeo4dk/logs[0m
